#
# There is insufficient memory for the Java Runtime Environment to continue.
# Native memory allocation (malloc) failed to allocate 1802080 bytes. Error detail: Chunk::new
# Possible reasons:
#   The system is out of physical RAM or swap space
#   This process is running with CompressedOops enabled, and the Java Heap may be blocking the growth of the native heap
# Possible solutions:
#   Reduce memory load on the system
#   Increase physical memory or swap space
#   Check if swap backing store is full
#   Decrease Java heap size (-Xmx/-Xms)
#   Decrease number of Java threads
#   Decrease Java thread stack sizes (-Xss)
#   Set larger code cache with -XX:ReservedCodeCacheSize=
#   JVM is running with Zero Based Compressed Oops mode in which the Java heap is
#     placed in the first 32GB address space. The Java Heap base address is the
#     maximum limit for the native heap growth. Please use -XX:HeapBaseMinAddress
#     to set the Java Heap base and to place the Java Heap above 32GB virtual address.
# This output file may be truncated or incomplete.
#
#  Out of Memory Error (arena.cpp:168), pid=7292, tid=36416
#
# JRE version: OpenJDK Runtime Environment (21.0.5) (build 21.0.5+-13047016-b750.29)
# Java VM: OpenJDK 64-Bit Server VM (21.0.5+-13047016-b750.29, mixed mode, tiered, compressed oops, compressed class ptrs, g1 gc, windows-amd64)
# No core dump will be written. Minidumps are not enabled by default on client versions of Windows
#

---------------  S U M M A R Y ------------

Command Line: org.jetbrains.kotlin.cli.jvm.K2JVMCompiler @C:\Users\Soumya\AndroidStudioProjects\ECommerceApp\app\build\20250425_12205370743182573672.compiler.options

Host: AMD Ryzen 5 5600H with Radeon Graphics         , 12 cores, 27G,  Windows 11 , 64 bit Build 22621 (10.0.22621.5124)
Time: Fri Apr 25 22:22:55 2025 India Standard Time elapsed time: 4.346228 seconds (0d 0h 0m 4s)

---------------  T H R E A D  ---------------

Current thread (0x0000023e25376780):  JavaThread "C2 CompilerThread2" daemon [_thread_in_native, id=36416, stack(0x000000a70b500000,0x000000a70b600000) (1024K)]


Current CompileTask:
C2:4346 8316   !   4       org.jetbrains.kotlin.metadata.ProtoBuf$Property::<init> (1283 bytes)

Stack: [0x000000a70b500000,0x000000a70b600000]
Native frames: (J=compiled Java code, j=interpreted, Vv=VM code, C=native code)
V  [jvm.dll+0x6cfb29]
V  [jvm.dll+0x85df93]
V  [jvm.dll+0x8604ee]
V  [jvm.dll+0x860bd3]
V  [jvm.dll+0x27e6b6]
V  [jvm.dll+0xbff6d]
V  [jvm.dll+0xc04a3]
V  [jvm.dll+0x3b5ffb]
V  [jvm.dll+0x381f97]
V  [jvm.dll+0x38140a]
V  [jvm.dll+0x247c62]
V  [jvm.dll+0x247231]
V  [jvm.dll+0x1c5ee4]
V  [jvm.dll+0x25697c]
V  [jvm.dll+0x254ec6]
V  [jvm.dll+0x3f0ce6]
V  [jvm.dll+0x806368]
V  [jvm.dll+0x6ce3fd]
C  [ucrtbase.dll+0x29333]
C  [KERNEL32.DLL+0x1259d]
C  [ntdll.dll+0x5af38]


---------------  P R O C E S S  ---------------

Threads class SMR info:
_java_thread_list=0x0000023e252a05b0, length=13, elements={
0x0000023e04f8f980, 0x0000023e2512bb00, 0x0000023e2512c910, 0x0000023e25131fc0,
0x0000023e2512fb60, 0x0000023e251305b0, 0x0000023e2514aa90, 0x0000023e2514b420,
0x0000023e2514beb0, 0x0000023e253018a0, 0x0000023e25314d50, 0x0000023e253760e0,
0x0000023e25376780
}

Java Threads: ( => current thread )
  0x0000023e04f8f980 JavaThread "main"                              [_thread_in_Java, id=46304, stack(0x000000a70a200000,0x000000a70a300000) (1024K)]
  0x0000023e2512bb00 JavaThread "Reference Handler"          daemon [_thread_blocked, id=21888, stack(0x000000a70aa00000,0x000000a70ab00000) (1024K)]
  0x0000023e2512c910 JavaThread "Finalizer"                  daemon [_thread_blocked, id=43372, stack(0x000000a70ab00000,0x000000a70ac00000) (1024K)]
  0x0000023e25131fc0 JavaThread "Signal Dispatcher"          daemon [_thread_blocked, id=45292, stack(0x000000a70ac00000,0x000000a70ad00000) (1024K)]
  0x0000023e2512fb60 JavaThread "Attach Listener"            daemon [_thread_blocked, id=40244, stack(0x000000a70ad00000,0x000000a70ae00000) (1024K)]
  0x0000023e251305b0 JavaThread "Service Thread"             daemon [_thread_blocked, id=44644, stack(0x000000a70ae00000,0x000000a70af00000) (1024K)]
  0x0000023e2514aa90 JavaThread "Monitor Deflation Thread"   daemon [_thread_blocked, id=34752, stack(0x000000a70af00000,0x000000a70b000000) (1024K)]
  0x0000023e2514b420 JavaThread "C2 CompilerThread0"         daemon [_thread_in_native, id=42920, stack(0x000000a70b000000,0x000000a70b100000) (1024K)]
  0x0000023e2514beb0 JavaThread "C1 CompilerThread0"         daemon [_thread_blocked, id=8220, stack(0x000000a70b100000,0x000000a70b200000) (1024K)]
  0x0000023e253018a0 JavaThread "Notification Thread"        daemon [_thread_blocked, id=41220, stack(0x000000a70b200000,0x000000a70b300000) (1024K)]
  0x0000023e25314d50 JavaThread "Common-Cleaner"             daemon [_thread_blocked, id=40620, stack(0x000000a70b300000,0x000000a70b400000) (1024K)]
  0x0000023e253760e0 JavaThread "C2 CompilerThread1"         daemon [_thread_in_native, id=33724, stack(0x000000a70b400000,0x000000a70b500000) (1024K)]
=>0x0000023e25376780 JavaThread "C2 CompilerThread2"         daemon [_thread_in_native, id=36416, stack(0x000000a70b500000,0x000000a70b600000) (1024K)]
Total: 13

Other Threads:
  0x0000023e250d3bf0 VMThread "VM Thread"                           [id=41792, stack(0x000000a70a900000,0x000000a70aa00000) (1024K)]
  0x0000023e2445fbc0 WatcherThread "VM Periodic Task Thread"        [id=30384, stack(0x000000a70a800000,0x000000a70a900000) (1024K)]
  0x0000023e051a01a0 WorkerThread "GC Thread#0"                     [id=42252, stack(0x000000a70a300000,0x000000a70a400000) (1024K)]
  0x0000023e25ad3ff0 WorkerThread "GC Thread#1"                     [id=46704, stack(0x000000a70b600000,0x000000a70b700000) (1024K)]
  0x0000023e25ad4390 WorkerThread "GC Thread#2"                     [id=40820, stack(0x000000a70b700000,0x000000a70b800000) (1024K)]
  0x0000023e25b01400 WorkerThread "GC Thread#3"                     [id=34968, stack(0x000000a70b800000,0x000000a70b900000) (1024K)]
  0x0000023e25adca00 WorkerThread "GC Thread#4"                     [id=19164, stack(0x000000a70b900000,0x000000a70ba00000) (1024K)]
  0x0000023e25add1b0 WorkerThread "GC Thread#5"                     [id=38900, stack(0x000000a70ba00000,0x000000a70bb00000) (1024K)]
  0x0000023e25addd70 WorkerThread "GC Thread#6"                     [id=43740, stack(0x000000a70bb00000,0x000000a70bc00000) (1024K)]
  0x0000023e25af33e0 WorkerThread "GC Thread#7"                     [id=43340, stack(0x000000a70bc00000,0x000000a70bd00000) (1024K)]
  0x0000023e25af3780 WorkerThread "GC Thread#8"                     [id=33044, stack(0x000000a70bd00000,0x000000a70be00000) (1024K)]
  0x0000023e25af3b20 WorkerThread "GC Thread#9"                     [id=13028, stack(0x000000a70be00000,0x000000a70bf00000) (1024K)]
  0x0000023e051cba10 ConcurrentGCThread "G1 Main Marker"            [id=45052, stack(0x000000a70a400000,0x000000a70a500000) (1024K)]
  0x0000023e051cd4c0 WorkerThread "G1 Conc#0"                       [id=42196, stack(0x000000a70a500000,0x000000a70a600000) (1024K)]
  0x0000023e25af2900 WorkerThread "G1 Conc#1"                       [id=38728, stack(0x000000a70bf00000,0x000000a70c000000) (1024K)]
  0x0000023e25af2ca0 WorkerThread "G1 Conc#2"                       [id=44136, stack(0x000000a70c000000,0x000000a70c100000) (1024K)]
  0x0000023e24335560 ConcurrentGCThread "G1 Refine#0"               [id=36560, stack(0x000000a70a600000,0x000000a70a700000) (1024K)]
  0x0000023e243360d0 ConcurrentGCThread "G1 Service"                [id=31192, stack(0x000000a70a700000,0x000000a70a800000) (1024K)]
Total: 18

Threads with active compile tasks:
C2 CompilerThread0  4358 8327       4       org.jetbrains.org.objectweb.asm.ClassReader::readField (667 bytes)
C2 CompilerThread1  4358 8333 %     4       org.jetbrains.kotlin.it.unimi.dsi.fastutil.objects.ObjectOpenHashSet::rehash @ 37 (133 bytes)
C2 CompilerThread2  4358 8316   !   4       org.jetbrains.kotlin.metadata.ProtoBuf$Property::<init> (1283 bytes)
Total: 3

VM state: not at safepoint (normal execution)

VM Mutex/Monitor currently owned by a thread: None

Heap address: 0x0000000642400000, size: 7132 MB, Compressed Oops mode: Zero based, Oop shift amount: 3

CDS archive(s) not mapped
Compressed class space mapped at: 0x0000000800000000-0x0000000840000000, reserved size: 1073741824
Narrow klass base: 0x0000000800000000, Narrow klass shift: 0, Narrow klass range: 0x40000000

GC Precious Log:
 CardTable entry size: 512
 Card Set container configuration: InlinePtr #cards 4 size 8 Array Of Cards #cards 32 size 80 Howl #buckets 8 coarsen threshold 7372 Howl Bitmap #cards 1024 size 144 coarsen threshold 921 Card regions per heap region 1 cards per card region 8192
 CPUs: 12 total, 12 available
 Memory: 28524M
 Large Page Support: Disabled
 NUMA Support: Disabled
 Compressed Oops: Enabled (Zero based)
 Heap Region Size: 4M
 Heap Min Capacity: 8M
 Heap Initial Capacity: 448M
 Heap Max Capacity: 7132M
 Pre-touch: Disabled
 Parallel Workers: 10
 Concurrent Workers: 3
 Concurrent Refinement Workers: 10
 Periodic GC: Disabled

Heap:
 garbage-first heap   total 487424K, used 130095K [0x0000000642400000, 0x0000000800000000)
  region size 4096K, 7 young (28672K), 2 survivors (8192K)
 Metaspace       used 59117K, committed 59456K, reserved 1114112K
  class space    used 6561K, committed 6720K, reserved 1048576K

Heap Regions: E=young(eden), S=young(survivor), O=old, HS=humongous(starts), HC=humongous(continues), CS=collection set, F=free, TAMS=top-at-mark-start, PB=parsable bottom
|   0|0x0000000642400000, 0x0000000642800000, 0x0000000642800000|100%|HS|  |TAMS 0x0000000642400000| PB 0x0000000642400000| Complete 
|   1|0x0000000642800000, 0x0000000642c00000, 0x0000000642c00000|100%| O|  |TAMS 0x0000000642800000| PB 0x0000000642800000| Untracked 
|   2|0x0000000642c00000, 0x0000000643000000, 0x0000000643000000|100%| O|  |TAMS 0x0000000642c00000| PB 0x0000000642c00000| Untracked 
|   3|0x0000000643000000, 0x0000000643400000, 0x0000000643400000|100%| O|  |TAMS 0x0000000643000000| PB 0x0000000643000000| Untracked 
|   4|0x0000000643400000, 0x0000000643800000, 0x0000000643800000|100%| O|  |TAMS 0x0000000643400000| PB 0x0000000643400000| Untracked 
|   5|0x0000000643800000, 0x0000000643c00000, 0x0000000643c00000|100%| O|  |TAMS 0x0000000643800000| PB 0x0000000643800000| Untracked 
|   6|0x0000000643c00000, 0x0000000644000000, 0x0000000644000000|100%| O|  |TAMS 0x0000000643c00000| PB 0x0000000643c00000| Untracked 
|   7|0x0000000644000000, 0x0000000644400000, 0x0000000644400000|100%| O|  |TAMS 0x0000000644000000| PB 0x0000000644000000| Untracked 
|   8|0x0000000644400000, 0x0000000644800000, 0x0000000644800000|100%| O|  |TAMS 0x0000000644400000| PB 0x0000000644400000| Untracked 
|   9|0x0000000644800000, 0x0000000644c00000, 0x0000000644c00000|100%| O|  |TAMS 0x0000000644800000| PB 0x0000000644800000| Untracked 
|  10|0x0000000644c00000, 0x0000000645000000, 0x0000000645000000|100%| O|  |TAMS 0x0000000644c00000| PB 0x0000000644c00000| Untracked 
|  11|0x0000000645000000, 0x0000000645400000, 0x0000000645400000|100%| O|  |TAMS 0x0000000645000000| PB 0x0000000645000000| Untracked 
|  12|0x0000000645400000, 0x0000000645800000, 0x0000000645800000|100%| O|  |TAMS 0x0000000645400000| PB 0x0000000645400000| Untracked 
|  13|0x0000000645800000, 0x0000000645c00000, 0x0000000645c00000|100%| O|  |TAMS 0x0000000645800000| PB 0x0000000645800000| Untracked 
|  14|0x0000000645c00000, 0x0000000646000000, 0x0000000646000000|100%| O|  |TAMS 0x0000000645c00000| PB 0x0000000645c00000| Untracked 
|  15|0x0000000646000000, 0x0000000646400000, 0x0000000646400000|100%| O|  |TAMS 0x0000000646000000| PB 0x0000000646000000| Untracked 
|  16|0x0000000646400000, 0x0000000646400000, 0x0000000646800000|  0%| F|  |TAMS 0x0000000646400000| PB 0x0000000646400000| Untracked 
|  17|0x0000000646800000, 0x0000000646c00000, 0x0000000646c00000|100%| O|  |TAMS 0x0000000646800000| PB 0x0000000646800000| Untracked 
|  18|0x0000000646c00000, 0x0000000647000000, 0x0000000647000000|100%| O|  |TAMS 0x0000000646c00000| PB 0x0000000646c00000| Untracked 
|  19|0x0000000647000000, 0x0000000647400000, 0x0000000647400000|100%| O|  |TAMS 0x0000000647000000| PB 0x0000000647000000| Untracked 
|  20|0x0000000647400000, 0x0000000647800000, 0x0000000647800000|100%| O|  |TAMS 0x0000000647400000| PB 0x0000000647400000| Untracked 
|  21|0x0000000647800000, 0x0000000647c00000, 0x0000000647c00000|100%| O|  |TAMS 0x0000000647800000| PB 0x0000000647800000| Untracked 
|  22|0x0000000647c00000, 0x0000000648000000, 0x0000000648000000|100%| O|  |TAMS 0x0000000647c00000| PB 0x0000000647c00000| Untracked 
|  23|0x0000000648000000, 0x0000000648400000, 0x0000000648400000|100%| O|  |TAMS 0x0000000648000000| PB 0x0000000648000000| Untracked 
|  24|0x0000000648400000, 0x0000000648800000, 0x0000000648800000|100%| O|  |TAMS 0x0000000648400000| PB 0x0000000648400000| Untracked 
|  25|0x0000000648800000, 0x0000000648c00000, 0x0000000648c00000|100%| O|  |TAMS 0x0000000648800000| PB 0x0000000648800000| Untracked 
|  26|0x0000000648c00000, 0x0000000648f0bc68, 0x0000000649000000| 76%| O|  |TAMS 0x0000000648c00000| PB 0x0000000648c00000| Untracked 
|  27|0x0000000649000000, 0x0000000649000000, 0x0000000649400000|  0%| F|  |TAMS 0x0000000649000000| PB 0x0000000649000000| Untracked 
|  28|0x0000000649400000, 0x0000000649800000, 0x0000000649800000|100%| S|CS|TAMS 0x0000000649400000| PB 0x0000000649400000| Complete 
|  29|0x0000000649800000, 0x0000000649800000, 0x0000000649c00000|  0%| F|  |TAMS 0x0000000649800000| PB 0x0000000649800000| Untracked 
|  30|0x0000000649c00000, 0x0000000649c00000, 0x000000064a000000|  0%| F|  |TAMS 0x0000000649c00000| PB 0x0000000649c00000| Untracked 
|  31|0x000000064a000000, 0x000000064a400000, 0x000000064a400000|100%| S|CS|TAMS 0x000000064a000000| PB 0x000000064a000000| Complete 
|  32|0x000000064a400000, 0x000000064a400000, 0x000000064a800000|  0%| F|  |TAMS 0x000000064a400000| PB 0x000000064a400000| Untracked 
|  33|0x000000064a800000, 0x000000064a800000, 0x000000064ac00000|  0%| F|  |TAMS 0x000000064a800000| PB 0x000000064a800000| Untracked 
|  34|0x000000064ac00000, 0x000000064ac00000, 0x000000064b000000|  0%| F|  |TAMS 0x000000064ac00000| PB 0x000000064ac00000| Untracked 
|  35|0x000000064b000000, 0x000000064b000000, 0x000000064b400000|  0%| F|  |TAMS 0x000000064b000000| PB 0x000000064b000000| Untracked 
|  36|0x000000064b400000, 0x000000064b400000, 0x000000064b800000|  0%| F|  |TAMS 0x000000064b400000| PB 0x000000064b400000| Untracked 
|  37|0x000000064b800000, 0x000000064b800000, 0x000000064bc00000|  0%| F|  |TAMS 0x000000064b800000| PB 0x000000064b800000| Untracked 
|  38|0x000000064bc00000, 0x000000064bc00000, 0x000000064c000000|  0%| F|  |TAMS 0x000000064bc00000| PB 0x000000064bc00000| Untracked 
|  39|0x000000064c000000, 0x000000064c000000, 0x000000064c400000|  0%| F|  |TAMS 0x000000064c000000| PB 0x000000064c000000| Untracked 
|  40|0x000000064c400000, 0x000000064c400000, 0x000000064c800000|  0%| F|  |TAMS 0x000000064c400000| PB 0x000000064c400000| Untracked 
|  41|0x000000064c800000, 0x000000064c800000, 0x000000064cc00000|  0%| F|  |TAMS 0x000000064c800000| PB 0x000000064c800000| Untracked 
|  42|0x000000064cc00000, 0x000000064cc00000, 0x000000064d000000|  0%| F|  |TAMS 0x000000064cc00000| PB 0x000000064cc00000| Untracked 
|  43|0x000000064d000000, 0x000000064d000000, 0x000000064d400000|  0%| F|  |TAMS 0x000000064d000000| PB 0x000000064d000000| Untracked 
|  44|0x000000064d400000, 0x000000064d400000, 0x000000064d800000|  0%| F|  |TAMS 0x000000064d400000| PB 0x000000064d400000| Untracked 
|  45|0x000000064d800000, 0x000000064d800000, 0x000000064dc00000|  0%| F|  |TAMS 0x000000064d800000| PB 0x000000064d800000| Untracked 
|  46|0x000000064dc00000, 0x000000064dc00000, 0x000000064e000000|  0%| F|  |TAMS 0x000000064dc00000| PB 0x000000064dc00000| Untracked 
|  47|0x000000064e000000, 0x000000064e000000, 0x000000064e400000|  0%| F|  |TAMS 0x000000064e000000| PB 0x000000064e000000| Untracked 
|  48|0x000000064e400000, 0x000000064e400000, 0x000000064e800000|  0%| F|  |TAMS 0x000000064e400000| PB 0x000000064e400000| Untracked 
|  49|0x000000064e800000, 0x000000064e800000, 0x000000064ec00000|  0%| F|  |TAMS 0x000000064e800000| PB 0x000000064e800000| Untracked 
|  50|0x000000064ec00000, 0x000000064ec00000, 0x000000064f000000|  0%| F|  |TAMS 0x000000064ec00000| PB 0x000000064ec00000| Untracked 
|  51|0x000000064f000000, 0x000000064f000000, 0x000000064f400000|  0%| F|  |TAMS 0x000000064f000000| PB 0x000000064f000000| Untracked 
|  52|0x000000064f400000, 0x000000064f400000, 0x000000064f800000|  0%| F|  |TAMS 0x000000064f400000| PB 0x000000064f400000| Untracked 
|  53|0x000000064f800000, 0x000000064f800000, 0x000000064fc00000|  0%| F|  |TAMS 0x000000064f800000| PB 0x000000064f800000| Untracked 
|  54|0x000000064fc00000, 0x000000064fc00000, 0x0000000650000000|  0%| F|  |TAMS 0x000000064fc00000| PB 0x000000064fc00000| Untracked 
|  55|0x0000000650000000, 0x0000000650000000, 0x0000000650400000|  0%| F|  |TAMS 0x0000000650000000| PB 0x0000000650000000| Untracked 
|  56|0x0000000650400000, 0x0000000650400000, 0x0000000650800000|  0%| F|  |TAMS 0x0000000650400000| PB 0x0000000650400000| Untracked 
|  57|0x0000000650800000, 0x0000000650800000, 0x0000000650c00000|  0%| F|  |TAMS 0x0000000650800000| PB 0x0000000650800000| Untracked 
|  58|0x0000000650c00000, 0x0000000650c00000, 0x0000000651000000|  0%| F|  |TAMS 0x0000000650c00000| PB 0x0000000650c00000| Untracked 
|  59|0x0000000651000000, 0x0000000651000000, 0x0000000651400000|  0%| F|  |TAMS 0x0000000651000000| PB 0x0000000651000000| Untracked 
|  60|0x0000000651400000, 0x0000000651400000, 0x0000000651800000|  0%| F|  |TAMS 0x0000000651400000| PB 0x0000000651400000| Untracked 
|  61|0x0000000651800000, 0x0000000651800000, 0x0000000651c00000|  0%| F|  |TAMS 0x0000000651800000| PB 0x0000000651800000| Untracked 
|  62|0x0000000651c00000, 0x0000000651c00000, 0x0000000652000000|  0%| F|  |TAMS 0x0000000651c00000| PB 0x0000000651c00000| Untracked 
|  63|0x0000000652000000, 0x0000000652000000, 0x0000000652400000|  0%| F|  |TAMS 0x0000000652000000| PB 0x0000000652000000| Untracked 
|  64|0x0000000652400000, 0x0000000652400000, 0x0000000652800000|  0%| F|  |TAMS 0x0000000652400000| PB 0x0000000652400000| Untracked 
|  65|0x0000000652800000, 0x0000000652800000, 0x0000000652c00000|  0%| F|  |TAMS 0x0000000652800000| PB 0x0000000652800000| Untracked 
|  66|0x0000000652c00000, 0x0000000652c00000, 0x0000000653000000|  0%| F|  |TAMS 0x0000000652c00000| PB 0x0000000652c00000| Untracked 
|  67|0x0000000653000000, 0x0000000653000000, 0x0000000653400000|  0%| F|  |TAMS 0x0000000653000000| PB 0x0000000653000000| Untracked 
|  68|0x0000000653400000, 0x0000000653400000, 0x0000000653800000|  0%| F|  |TAMS 0x0000000653400000| PB 0x0000000653400000| Untracked 
|  69|0x0000000653800000, 0x0000000653800000, 0x0000000653c00000|  0%| F|  |TAMS 0x0000000653800000| PB 0x0000000653800000| Untracked 
|  70|0x0000000653c00000, 0x0000000653c00000, 0x0000000654000000|  0%| F|  |TAMS 0x0000000653c00000| PB 0x0000000653c00000| Untracked 
|  71|0x0000000654000000, 0x0000000654000000, 0x0000000654400000|  0%| F|  |TAMS 0x0000000654000000| PB 0x0000000654000000| Untracked 
|  72|0x0000000654400000, 0x0000000654400000, 0x0000000654800000|  0%| F|  |TAMS 0x0000000654400000| PB 0x0000000654400000| Untracked 
|  73|0x0000000654800000, 0x0000000654800000, 0x0000000654c00000|  0%| F|  |TAMS 0x0000000654800000| PB 0x0000000654800000| Untracked 
|  74|0x0000000654c00000, 0x0000000654c00000, 0x0000000655000000|  0%| F|  |TAMS 0x0000000654c00000| PB 0x0000000654c00000| Untracked 
|  75|0x0000000655000000, 0x0000000655000000, 0x0000000655400000|  0%| F|  |TAMS 0x0000000655000000| PB 0x0000000655000000| Untracked 
|  76|0x0000000655400000, 0x0000000655400000, 0x0000000655800000|  0%| F|  |TAMS 0x0000000655400000| PB 0x0000000655400000| Untracked 
|  77|0x0000000655800000, 0x0000000655800000, 0x0000000655c00000|  0%| F|  |TAMS 0x0000000655800000| PB 0x0000000655800000| Untracked 
|  78|0x0000000655c00000, 0x0000000655c00000, 0x0000000656000000|  0%| F|  |TAMS 0x0000000655c00000| PB 0x0000000655c00000| Untracked 
|  79|0x0000000656000000, 0x0000000656000000, 0x0000000656400000|  0%| F|  |TAMS 0x0000000656000000| PB 0x0000000656000000| Untracked 
|  80|0x0000000656400000, 0x0000000656400000, 0x0000000656800000|  0%| F|  |TAMS 0x0000000656400000| PB 0x0000000656400000| Untracked 
|  81|0x0000000656800000, 0x0000000656800000, 0x0000000656c00000|  0%| F|  |TAMS 0x0000000656800000| PB 0x0000000656800000| Untracked 
|  82|0x0000000656c00000, 0x0000000656c00000, 0x0000000657000000|  0%| F|  |TAMS 0x0000000656c00000| PB 0x0000000656c00000| Untracked 
|  83|0x0000000657000000, 0x0000000657000000, 0x0000000657400000|  0%| F|  |TAMS 0x0000000657000000| PB 0x0000000657000000| Untracked 
|  84|0x0000000657400000, 0x0000000657400000, 0x0000000657800000|  0%| F|  |TAMS 0x0000000657400000| PB 0x0000000657400000| Untracked 
|  85|0x0000000657800000, 0x0000000657800000, 0x0000000657c00000|  0%| F|  |TAMS 0x0000000657800000| PB 0x0000000657800000| Untracked 
|  86|0x0000000657c00000, 0x0000000657c00000, 0x0000000658000000|  0%| F|  |TAMS 0x0000000657c00000| PB 0x0000000657c00000| Untracked 
|  87|0x0000000658000000, 0x0000000658000000, 0x0000000658400000|  0%| F|  |TAMS 0x0000000658000000| PB 0x0000000658000000| Untracked 
|  88|0x0000000658400000, 0x0000000658400000, 0x0000000658800000|  0%| F|  |TAMS 0x0000000658400000| PB 0x0000000658400000| Untracked 
|  89|0x0000000658800000, 0x0000000658800000, 0x0000000658c00000|  0%| F|  |TAMS 0x0000000658800000| PB 0x0000000658800000| Untracked 
|  90|0x0000000658c00000, 0x0000000658c00000, 0x0000000659000000|  0%| F|  |TAMS 0x0000000658c00000| PB 0x0000000658c00000| Untracked 
|  91|0x0000000659000000, 0x0000000659000000, 0x0000000659400000|  0%| F|  |TAMS 0x0000000659000000| PB 0x0000000659000000| Untracked 
|  92|0x0000000659400000, 0x0000000659400000, 0x0000000659800000|  0%| F|  |TAMS 0x0000000659400000| PB 0x0000000659400000| Untracked 
|  93|0x0000000659800000, 0x0000000659800000, 0x0000000659c00000|  0%| F|  |TAMS 0x0000000659800000| PB 0x0000000659800000| Untracked 
|  94|0x0000000659c00000, 0x0000000659c00000, 0x000000065a000000|  0%| F|  |TAMS 0x0000000659c00000| PB 0x0000000659c00000| Untracked 
|  95|0x000000065a000000, 0x000000065a000000, 0x000000065a400000|  0%| F|  |TAMS 0x000000065a000000| PB 0x000000065a000000| Untracked 
|  96|0x000000065a400000, 0x000000065a400000, 0x000000065a800000|  0%| F|  |TAMS 0x000000065a400000| PB 0x000000065a400000| Untracked 
|  97|0x000000065a800000, 0x000000065a800000, 0x000000065ac00000|  0%| F|  |TAMS 0x000000065a800000| PB 0x000000065a800000| Untracked 
|  98|0x000000065ac00000, 0x000000065ac00000, 0x000000065b000000|  0%| F|  |TAMS 0x000000065ac00000| PB 0x000000065ac00000| Untracked 
|  99|0x000000065b000000, 0x000000065b000000, 0x000000065b400000|  0%| F|  |TAMS 0x000000065b000000| PB 0x000000065b000000| Untracked 
| 100|0x000000065b400000, 0x000000065b400000, 0x000000065b800000|  0%| F|  |TAMS 0x000000065b400000| PB 0x000000065b400000| Untracked 
| 101|0x000000065b800000, 0x000000065b800000, 0x000000065bc00000|  0%| F|  |TAMS 0x000000065b800000| PB 0x000000065b800000| Untracked 
| 102|0x000000065bc00000, 0x000000065bc00000, 0x000000065c000000|  0%| F|  |TAMS 0x000000065bc00000| PB 0x000000065bc00000| Untracked 
| 103|0x000000065c000000, 0x000000065c000000, 0x000000065c400000|  0%| F|  |TAMS 0x000000065c000000| PB 0x000000065c000000| Untracked 
| 104|0x000000065c400000, 0x000000065c400000, 0x000000065c800000|  0%| F|  |TAMS 0x000000065c400000| PB 0x000000065c400000| Untracked 
| 105|0x000000065c800000, 0x000000065c800000, 0x000000065cc00000|  0%| F|  |TAMS 0x000000065c800000| PB 0x000000065c800000| Untracked 
| 106|0x000000065cc00000, 0x000000065cc00000, 0x000000065d000000|  0%| F|  |TAMS 0x000000065cc00000| PB 0x000000065cc00000| Untracked 
| 107|0x000000065d000000, 0x000000065d000000, 0x000000065d400000|  0%| F|  |TAMS 0x000000065d000000| PB 0x000000065d000000| Untracked 
| 108|0x000000065d400000, 0x000000065d400000, 0x000000065d800000|  0%| F|  |TAMS 0x000000065d400000| PB 0x000000065d400000| Untracked 
| 109|0x000000065d800000, 0x000000065d800000, 0x000000065dc00000|  0%| F|  |TAMS 0x000000065d800000| PB 0x000000065d800000| Untracked 
| 110|0x000000065dc00000, 0x000000065dc00000, 0x000000065e000000|  0%| F|  |TAMS 0x000000065dc00000| PB 0x000000065dc00000| Untracked 
| 111|0x000000065e000000, 0x000000065e000000, 0x000000065e400000|  0%| F|  |TAMS 0x000000065e000000| PB 0x000000065e000000| Untracked 
| 112|0x000000065e400000, 0x000000065e400000, 0x000000065e800000|  0%| F|  |TAMS 0x000000065e400000| PB 0x000000065e400000| Untracked 
| 113|0x000000065e800000, 0x000000065ea61148, 0x000000065ec00000| 59%| E|  |TAMS 0x000000065e800000| PB 0x000000065e800000| Complete 
| 114|0x000000065ec00000, 0x000000065f000000, 0x000000065f000000|100%| E|CS|TAMS 0x000000065ec00000| PB 0x000000065ec00000| Complete 
| 115|0x000000065f000000, 0x000000065f400000, 0x000000065f400000|100%| E|CS|TAMS 0x000000065f000000| PB 0x000000065f000000| Complete 
| 116|0x000000065f400000, 0x000000065f800000, 0x000000065f800000|100%| E|CS|TAMS 0x000000065f400000| PB 0x000000065f400000| Complete 
| 117|0x000000065f800000, 0x000000065fc00000, 0x000000065fc00000|100%| E|CS|TAMS 0x000000065f800000| PB 0x000000065f800000| Complete 
|1782|0x00000007ffc00000, 0x0000000800000000, 0x0000000800000000|100%| E|CS|TAMS 0x00000007ffc00000| PB 0x00000007ffc00000| Complete 

Card table byte_map: [0x0000023e1a4b0000,0x0000023e1b2a0000] _byte_map_base: 0x0000023e1729e000

Marking Bits: (CMBitMap*) 0x0000023e051a08a0
 Bits: [0x0000023e1b2a0000, 0x0000023e22210000)

Polling page: 0x0000023e09a10000

Metaspace:

Usage:
  Non-class:     51.32 MB used.
      Class:      6.41 MB used.
       Both:     57.73 MB used.

Virtual space:
  Non-class space:       64.00 MB reserved,      51.50 MB ( 80%) committed,  1 nodes.
      Class space:        1.00 GB reserved,       6.56 MB ( <1%) committed,  1 nodes.
             Both:        1.06 GB reserved,      58.06 MB (  5%) committed. 

Chunk freelists:
   Non-Class:  11.98 MB
       Class:  9.41 MB
        Both:  21.39 MB

MaxMetaspaceSize: unlimited
CompressedClassSpaceSize: 1.00 GB
Initial GC threshold: 21.00 MB
Current GC threshold: 96.81 MB
CDS: off
 - commit_granule_bytes: 65536.
 - commit_granule_words: 8192.
 - virtual_space_node_default_size: 8388608.
 - enlarge_chunks_in_place: 1.
 - use_allocation_guard: 0.


Internal statistics:

num_allocs_failed_limit: 6.
num_arena_births: 320.
num_arena_deaths: 0.
num_vsnodes_births: 2.
num_vsnodes_deaths: 0.
num_space_committed: 927.
num_space_uncommitted: 0.
num_chunks_returned_to_freelist: 6.
num_chunks_taken_from_freelist: 2121.
num_chunk_merges: 6.
num_chunk_splits: 1712.
num_chunks_enlarged: 1535.
num_inconsistent_stats: 0.

CodeHeap 'non-profiled nmethods': size=120000Kb used=5228Kb max_used=5228Kb free=114772Kb
 bounds [0x0000023e11500000, 0x0000023e11a30000, 0x0000023e18a30000]
CodeHeap 'profiled nmethods': size=120000Kb used=25585Kb max_used=26123Kb free=94414Kb
 bounds [0x0000023e09a30000, 0x0000023e0b3c0000, 0x0000023e10f60000]
CodeHeap 'non-nmethods': size=5760Kb used=1631Kb max_used=1697Kb free=4128Kb
 bounds [0x0000023e10f60000, 0x0000023e111d0000, 0x0000023e11500000]
 total_blobs=8681 nmethods=8001 adapters=583
 compilation: enabled
              stopped_count=0, restarted_count=0
 full_count=0

Compilation events (20 events):
Event: 4.275 Thread 0x0000023e2514beb0 8320       3       org.jetbrains.kotlin.metadata.jvm.JvmProtoBuf$JvmPropertySignature$Builder::mergeSyntheticMethod (58 bytes)
Event: 4.275 Thread 0x0000023e2514beb0 nmethod 8320 0x0000023e09a72610 code [0x0000023e09a72840, 0x0000023e09a72fe0]
Event: 4.301 Thread 0x0000023e2514b420 nmethod 8237 0x0000023e11a10c90 code [0x0000023e11a11460, 0x0000023e11a17d00]
Event: 4.301 Thread 0x0000023e2514b420 8319 %     4       org.jetbrains.org.objectweb.asm.ClassReader::accept @ 1353 (1380 bytes)
Event: 4.304 Thread 0x0000023e2514b420 nmethod 8319% 0x0000023e115ae510 code [0x0000023e115ae6c0, 0x0000023e115ae8d0]
Event: 4.304 Thread 0x0000023e2514b420 8318   !   4       org.jetbrains.kotlin.metadata.jvm.JvmProtoBuf$JvmMethodSignature::<init> (286 bytes)
Event: 4.313 Thread 0x0000023e253760e0 nmethod 8313 0x0000023e11a1d490 code [0x0000023e11a1d9c0, 0x0000023e11a21860]
Event: 4.313 Thread 0x0000023e253760e0 8317       4       org.jetbrains.kotlin.metadata.jvm.deserialization.JvmMetadataVersion::newerThan (48 bytes)
Event: 4.313 Thread 0x0000023e253760e0 nmethod 8317 0x0000023e11524f90 code [0x0000023e11525120, 0x0000023e115251f8]
Event: 4.313 Thread 0x0000023e253760e0 8321       4       org.jetbrains.kotlin.load.kotlin.FileBasedKotlinClass$3::visit (64 bytes)
Event: 4.314 Thread 0x0000023e253760e0 nmethod 8321 0x0000023e11529b10 code [0x0000023e11529cc0, 0x0000023e11529e70]
Event: 4.314 Thread 0x0000023e253760e0 8322       4       org.jetbrains.kotlin.load.kotlin.FileBasedKotlinClass$1::visitInnerClass (19 bytes)
Event: 4.323 Thread 0x0000023e253760e0 nmethod 8322 0x0000023e11578f90 code [0x0000023e11579200, 0x0000023e1157a118]
Event: 4.324 Thread 0x0000023e253760e0 8323       4       kotlin.collections.ArraysKt___ArraysKt::getOrNull (40 bytes)
Event: 4.325 Thread 0x0000023e253760e0 nmethod 8323 0x0000023e11574b90 code [0x0000023e11574d20, 0x0000023e11574e90]
Event: 4.325 Thread 0x0000023e253760e0 8325  s    4       java.io.ByteArrayInputStream::read (73 bytes)
Event: 4.332 Thread 0x0000023e253760e0 nmethod 8325 0x0000023e11554c10 code [0x0000023e11554dc0, 0x0000023e11555228]
Event: 4.332 Thread 0x0000023e253760e0 8326       4       org.jetbrains.kotlin.load.kotlin.header.ReadKotlinClassHeaderAnnotationVisitor$KotlinMetadataArgumentVisitor::visit (195 bytes)
Event: 4.333 Thread 0x0000023e2514b420 nmethod 8318 0x0000023e1158e510 code [0x0000023e1158e7e0, 0x0000023e11590370]
Event: 4.333 Thread 0x0000023e2514b420 8324       4       org.jetbrains.org.objectweb.asm.ClassReader::readConst (276 bytes)

GC Heap History (20 events):
Event: 1.209 GC heap before
{Heap before GC invocations=7 (full 0):
 garbage-first heap   total 61440K, used 36482K [0x0000000642400000, 0x0000000800000000)
  region size 4096K, 5 young (20480K), 1 survivors (4096K)
 Metaspace       used 32697K, committed 32960K, reserved 1114112K
  class space    used 3979K, committed 4096K, reserved 1048576K
}
Event: 1.214 GC heap after
{Heap after GC invocations=8 (full 0):
 garbage-first heap   total 262144K, used 26045K [0x0000000642400000, 0x0000000800000000)
  region size 4096K, 1 young (4096K), 1 survivors (4096K)
 Metaspace       used 32697K, committed 32960K, reserved 1114112K
  class space    used 3979K, committed 4096K, reserved 1048576K
}
Event: 1.317 GC heap before
{Heap before GC invocations=8 (full 0):
 garbage-first heap   total 262144K, used 38333K [0x0000000642400000, 0x0000000800000000)
  region size 4096K, 5 young (20480K), 1 survivors (4096K)
 Metaspace       used 35756K, committed 35968K, reserved 1114112K
  class space    used 4292K, committed 4416K, reserved 1048576K
}
Event: 1.319 GC heap after
{Heap after GC invocations=9 (full 0):
 garbage-first heap   total 262144K, used 26539K [0x0000000642400000, 0x0000000800000000)
  region size 4096K, 2 young (8192K), 2 survivors (8192K)
 Metaspace       used 35756K, committed 35968K, reserved 1114112K
  class space    used 4292K, committed 4416K, reserved 1048576K
}
Event: 2.085 GC heap before
{Heap before GC invocations=10 (full 0):
 garbage-first heap   total 110592K, used 104363K [0x0000000642400000, 0x0000000800000000)
  region size 4096K, 21 young (86016K), 2 survivors (8192K)
 Metaspace       used 46323K, committed 46592K, reserved 1114112K
  class space    used 5291K, committed 5440K, reserved 1048576K
}
Event: 2.096 GC heap after
{Heap after GC invocations=11 (full 0):
 garbage-first heap   total 131072K, used 40030K [0x0000000642400000, 0x0000000800000000)
  region size 4096K, 5 young (20480K), 5 survivors (20480K)
 Metaspace       used 46323K, committed 46592K, reserved 1114112K
  class space    used 5291K, committed 5440K, reserved 1048576K
}
Event: 2.340 GC heap before
{Heap before GC invocations=11 (full 0):
 garbage-first heap   total 131072K, used 89182K [0x0000000642400000, 0x0000000800000000)
  region size 4096K, 17 young (69632K), 5 survivors (20480K)
 Metaspace       used 48084K, committed 48384K, reserved 1114112K
  class space    used 5448K, committed 5568K, reserved 1048576K
}
Event: 2.356 GC heap after
{Heap after GC invocations=12 (full 0):
 garbage-first heap   total 131072K, used 52977K [0x0000000642400000, 0x0000000800000000)
  region size 4096K, 3 young (12288K), 3 survivors (12288K)
 Metaspace       used 48084K, committed 48384K, reserved 1114112K
  class space    used 5448K, committed 5568K, reserved 1048576K
}
Event: 2.577 GC heap before
{Heap before GC invocations=12 (full 0):
 garbage-first heap   total 131072K, used 98033K [0x0000000642400000, 0x0000000800000000)
  region size 4096K, 14 young (57344K), 3 survivors (12288K)
 Metaspace       used 49099K, committed 49344K, reserved 1114112K
  class space    used 5546K, committed 5696K, reserved 1048576K
}
Event: 2.589 GC heap after
{Heap after GC invocations=13 (full 0):
 garbage-first heap   total 172032K, used 65536K [0x0000000642400000, 0x0000000800000000)
  region size 4096K, 2 young (8192K), 2 survivors (8192K)
 Metaspace       used 49099K, committed 49344K, reserved 1114112K
  class space    used 5546K, committed 5696K, reserved 1048576K
}
Event: 3.266 GC heap before
{Heap before GC invocations=13 (full 0):
 garbage-first heap   total 172032K, used 122880K [0x0000000642400000, 0x0000000800000000)
  region size 4096K, 16 young (65536K), 2 survivors (8192K)
 Metaspace       used 56734K, committed 57088K, reserved 1114112K
  class space    used 6439K, committed 6592K, reserved 1048576K
}
Event: 3.274 GC heap after
{Heap after GC invocations=14 (full 0):
 garbage-first heap   total 172032K, used 75164K [0x0000000642400000, 0x0000000800000000)
  region size 4096K, 2 young (8192K), 2 survivors (8192K)
 Metaspace       used 56734K, committed 57088K, reserved 1114112K
  class space    used 6439K, committed 6592K, reserved 1048576K
}
Event: 3.915 GC heap before
{Heap before GC invocations=14 (full 0):
 garbage-first heap   total 172032K, used 132508K [0x0000000642400000, 0x0000000800000000)
  region size 4096K, 16 young (65536K), 2 survivors (8192K)
 Metaspace       used 58506K, committed 58880K, reserved 1114112K
  class space    used 6539K, committed 6720K, reserved 1048576K
}
Event: 3.925 GC heap after
{Heap after GC invocations=15 (full 0):
 garbage-first heap   total 172032K, used 86016K [0x0000000642400000, 0x0000000800000000)
  region size 4096K, 2 young (8192K), 2 survivors (8192K)
 Metaspace       used 58506K, committed 58880K, reserved 1114112K
  class space    used 6539K, committed 6720K, reserved 1048576K
}
Event: 4.217 GC heap before
{Heap before GC invocations=15 (full 0):
 garbage-first heap   total 172032K, used 139264K [0x0000000642400000, 0x0000000800000000)
  region size 4096K, 15 young (61440K), 2 survivors (8192K)
 Metaspace       used 59117K, committed 59456K, reserved 1114112K
  class space    used 6561K, committed 6720K, reserved 1048576K
}
Event: 4.227 GC heap after
{Heap after GC invocations=16 (full 0):
 garbage-first heap   total 172032K, used 96160K [0x0000000642400000, 0x0000000800000000)
  region size 4096K, 2 young (8192K), 2 survivors (8192K)
 Metaspace       used 59117K, committed 59456K, reserved 1114112K
  class space    used 6561K, committed 6720K, reserved 1048576K
}
Event: 4.282 GC heap before
{Heap before GC invocations=17 (full 0):
 garbage-first heap   total 172032K, used 141216K [0x0000000642400000, 0x0000000800000000)
  region size 4096K, 13 young (53248K), 2 survivors (8192K)
 Metaspace       used 59117K, committed 59456K, reserved 1114112K
  class space    used 6561K, committed 6720K, reserved 1048576K
}
Event: 4.287 GC heap after
{Heap after GC invocations=18 (full 0):
 garbage-first heap   total 172032K, used 106433K [0x0000000642400000, 0x0000000800000000)
  region size 4096K, 2 young (8192K), 2 survivors (8192K)
 Metaspace       used 59117K, committed 59456K, reserved 1114112K
  class space    used 6561K, committed 6720K, reserved 1048576K
}
Event: 4.326 GC heap before
{Heap before GC invocations=18 (full 0):
 garbage-first heap   total 172032K, used 147393K [0x0000000642400000, 0x0000000800000000)
  region size 4096K, 12 young (49152K), 2 survivors (8192K)
 Metaspace       used 59117K, committed 59456K, reserved 1114112K
  class space    used 6561K, committed 6720K, reserved 1048576K
}
Event: 4.332 GC heap after
{Heap after GC invocations=19 (full 0):
 garbage-first heap   total 487424K, used 113711K [0x0000000642400000, 0x0000000800000000)
  region size 4096K, 2 young (8192K), 2 survivors (8192K)
 Metaspace       used 59117K, committed 59456K, reserved 1114112K
  class space    used 6561K, committed 6720K, reserved 1048576K
}

Dll operation events (3 events):
Event: 0.006 Loaded shared library C:\Program Files\Android\Android Studio1\jbr\bin\java.dll
Event: 0.010 Loaded shared library C:\Program Files\Android\Android Studio1\jbr\bin\zip.dll
Event: 0.648 Loaded shared library C:\Program Files\Android\Android Studio1\jbr\bin\verify.dll

Deoptimization events (20 events):
Event: 4.138 Thread 0x0000023e04f8f980 DEOPT PACKING pc=0x0000023e119e3b88 sp=0x000000a70a2fbdb0
Event: 4.138 Thread 0x0000023e04f8f980 DEOPT UNPACKING pc=0x0000023e10fb46a2 sp=0x000000a70a2fbcb0 mode 2
Event: 4.138 Thread 0x0000023e04f8f980 Uncommon trap: trap_request=0xffffffde fr.pc=0x0000023e119e3df0 relative=0x00000000000018f0
Event: 4.138 Thread 0x0000023e04f8f980 Uncommon trap: reason=class_check action=maybe_recompile pc=0x0000023e119e3df0 method=org.jetbrains.kotlin.fir.resolve.inference.ConstraintSystemCompleterKt.processAllContainingCallCandidates(Lorg/jetbrains/kotlin/fir/expressions/FirStatement;ZLkotlin/jvm
Event: 4.138 Thread 0x0000023e04f8f980 DEOPT PACKING pc=0x0000023e119e3df0 sp=0x000000a70a2fbcf0
Event: 4.138 Thread 0x0000023e04f8f980 DEOPT UNPACKING pc=0x0000023e10fb46a2 sp=0x000000a70a2fbcc8 mode 2
Event: 4.139 Thread 0x0000023e04f8f980 DEOPT PACKING pc=0x0000023e0ad8a074 sp=0x000000a70a2fc250
Event: 4.139 Thread 0x0000023e04f8f980 DEOPT UNPACKING pc=0x0000023e10fb4e42 sp=0x000000a70a2fb760 mode 0
Event: 4.148 Thread 0x0000023e04f8f980 Uncommon trap: trap_request=0xffffffde fr.pc=0x0000023e119e3df0 relative=0x00000000000018f0
Event: 4.148 Thread 0x0000023e04f8f980 Uncommon trap: reason=class_check action=maybe_recompile pc=0x0000023e119e3df0 method=org.jetbrains.kotlin.fir.resolve.inference.ConstraintSystemCompleterKt.processAllContainingCallCandidates(Lorg/jetbrains/kotlin/fir/expressions/FirStatement;ZLkotlin/jvm
Event: 4.148 Thread 0x0000023e04f8f980 DEOPT PACKING pc=0x0000023e119e3df0 sp=0x000000a70a2fa8b0
Event: 4.148 Thread 0x0000023e04f8f980 DEOPT UNPACKING pc=0x0000023e10fb46a2 sp=0x000000a70a2fa870 mode 2
Event: 4.148 Thread 0x0000023e04f8f980 Uncommon trap: trap_request=0xffffffde fr.pc=0x0000023e119e3df0 relative=0x00000000000018f0
Event: 4.148 Thread 0x0000023e04f8f980 Uncommon trap: reason=class_check action=maybe_recompile pc=0x0000023e119e3df0 method=org.jetbrains.kotlin.fir.resolve.inference.ConstraintSystemCompleterKt.processAllContainingCallCandidates(Lorg/jetbrains/kotlin/fir/expressions/FirStatement;ZLkotlin/jvm
Event: 4.148 Thread 0x0000023e04f8f980 DEOPT PACKING pc=0x0000023e119e3df0 sp=0x000000a70a2fa7e0
Event: 4.148 Thread 0x0000023e04f8f980 DEOPT UNPACKING pc=0x0000023e10fb46a2 sp=0x000000a70a2fa7a0 mode 2
Event: 4.159 Thread 0x0000023e04f8f980 Uncommon trap: trap_request=0xffffff45 fr.pc=0x0000023e117f38a0 relative=0x0000000000000660
Event: 4.159 Thread 0x0000023e04f8f980 Uncommon trap: reason=unstable_if action=reinterpret pc=0x0000023e117f38a0 method=kotlin.ranges.RangesKt___RangesKt.coerceAtMost(II)I @ 2 c2
Event: 4.159 Thread 0x0000023e04f8f980 DEOPT PACKING pc=0x0000023e117f38a0 sp=0x000000a70a2fafd0
Event: 4.159 Thread 0x0000023e04f8f980 DEOPT UNPACKING pc=0x0000023e10fb46a2 sp=0x000000a70a2fae98 mode 2

Classes loaded (20 events):
Event: 2.286 Loading class java/util/AbstractList$ListItr
Event: 2.286 Loading class java/util/AbstractList$ListItr done
Event: 2.295 Loading class java/util/RegularEnumSet$EnumSetIterator
Event: 2.295 Loading class java/util/RegularEnumSet$EnumSetIterator done
Event: 2.553 Loading class java/util/AbstractMap$SimpleImmutableEntry
Event: 2.553 Loading class java/util/AbstractMap$SimpleImmutableEntry done
Event: 2.707 Loading class java/util/AbstractList$SubList$1
Event: 2.707 Loading class java/util/AbstractList$SubList$1 done
Event: 2.907 Loading class java/security/CodeSigner
Event: 2.907 Loading class java/security/CodeSigner done
Event: 2.908 Loading class java/util/function/UnaryOperator
Event: 2.908 Loading class java/util/function/UnaryOperator done
Event: 2.974 Loading class java/util/function/ToIntFunction
Event: 2.974 Loading class java/util/function/ToIntFunction done
Event: 2.992 Loading class java/util/regex/Pattern$StartS
Event: 2.992 Loading class java/util/regex/Pattern$StartS done
Event: 3.391 Loading class java/lang/Byte$ByteCache
Event: 3.391 Loading class java/lang/Byte$ByteCache done
Event: 3.605 Loading class java/lang/Short$ShortCache
Event: 3.605 Loading class java/lang/Short$ShortCache done

Classes unloaded (0 events):
No events

Classes redefined (0 events):
No events

Internal exceptions (20 events):
Event: 2.533 Thread 0x0000023e04f8f980 Exception <a 'java/lang/NoSuchMethodError'{0x0000000647944cd0}: 'java.lang.Object java.lang.invoke.DirectMethodHandle$Holder.invokeStaticInit(java.lang.Object, java.lang.Object, java.lang.Object, java.lang.Object)'> (0x0000000647944cd0) 
thrown [s\src\hotspot\share\interpreter\linkResolver.cpp, line 784]
Event: 2.626 Thread 0x0000023e04f8f980 Exception <a 'java/lang/NoSuchMethodError'{0x00000007ffe9ed58}: 'java.lang.Object java.lang.invoke.DirectMethodHandle$Holder.newInvokeSpecial(java.lang.Object, java.lang.Object, java.lang.Object, java.lang.Object, int)'> (0x00000007ffe9ed58) 
thrown [s\src\hotspot\share\interpreter\linkResolver.cpp, line 784]
Event: 2.626 Thread 0x0000023e04f8f980 Exception <a 'java/lang/NoSuchMethodError'{0x00000007ffea31a0}: 'java.lang.Object java.lang.invoke.DirectMethodHandle$Holder.invokeSpecial(java.lang.Object, java.lang.Object, java.lang.Object, java.lang.Object, java.lang.Object, int)'> (0x00000007ffea31a0) 
thrown [s\src\hotspot\share\interpreter\linkResolver.cpp, line 784]
Event: 2.626 Thread 0x0000023e04f8f980 Exception <a 'java/lang/NoSuchMethodError'{0x00000007ffea6ee0}: 'java.lang.Object java.lang.invoke.Invokers$Holder.linkToTargetMethod(java.lang.Object, java.lang.Object, java.lang.Object, int, java.lang.Object)'> (0x00000007ffea6ee0) 
thrown [s\src\hotspot\share\interpreter\linkResolver.cpp, line 784]
Event: 2.664 Thread 0x0000023e04f8f980 Exception <a 'java/lang/NoSuchMethodError'{0x000000065e213978}: 'java.lang.Object java.lang.invoke.DirectMethodHandle$Holder.newInvokeSpecial(java.lang.Object, java.lang.Object, java.lang.Object, java.lang.Object, java.lang.Object, java.lang.Object)'> (0x000000065e213978) 
thrown [s\src\hotspot\share\interpreter\linkResolver.cpp, line 784]
Event: 2.710 Thread 0x0000023e04f8f980 Exception <a 'java/lang/NoSuchMethodError'{0x0000000650ecfa20}: 'java.lang.Object java.lang.invoke.DirectMethodHandle$Holder.newInvokeSpecial(java.lang.Object, java.lang.Object, java.lang.Object, java.lang.Object, int, java.lang.Object, java.lang.Object)'> (0x0000000650ecfa20) 
thrown [s\src\hotspot\share\interpreter\linkResolver.cpp, line 784]
Event: 3.082 Thread 0x0000023e04f8f980 Exception <a 'java/lang/NoSuchMethodError'{0x000000064a2599e0}: 'java.lang.Object java.lang.invoke.DirectMethodHandle$Holder.newInvokeSpecial(java.lang.Object, java.lang.Object, java.lang.Object, java.lang.Object, java.lang.Object, java.lang.Object, java.lang.Object, java.lang.Object, java.lang.Object)'> (0x000000064a2599e0) 
thrown [s\src\hotspot\share\interpreter\linkResolver.cpp, line 784]
Event: 3.086 Thread 0x0000023e04f8f980 Exception <a 'java/lang/NoSuchMethodError'{0x000000064a27be30}: 'java.lang.Object java.lang.invoke.DirectMethodHandle$Holder.newInvokeSpecial(java.lang.Object, java.lang.Object, java.lang.Object, int)'> (0x000000064a27be30) 
thrown [s\src\hotspot\share\interpreter\linkResolver.cpp, line 784]
Event: 3.086 Thread 0x0000023e04f8f980 Exception <a 'java/lang/NoSuchMethodError'{0x000000064a27fcb0}: 'java.lang.Object java.lang.invoke.DirectMethodHandle$Holder.invokeSpecial(java.lang.Object, java.lang.Object, java.lang.Object, java.lang.Object, int)'> (0x000000064a27fcb0) 
thrown [s\src\hotspot\share\interpreter\linkResolver.cpp, line 784]
Event: 3.086 Thread 0x0000023e04f8f980 Exception <a 'java/lang/NoSuchMethodError'{0x000000064a283408}: 'java.lang.Object java.lang.invoke.Invokers$Holder.linkToTargetMethod(java.lang.Object, java.lang.Object, int, java.lang.Object)'> (0x000000064a283408) 
thrown [s\src\hotspot\share\interpreter\linkResolver.cpp, line 784]
Event: 3.087 Thread 0x0000023e04f8f980 Exception <a 'java/lang/NoSuchMethodError'{0x000000064a2926f8}: 'java.lang.Object java.lang.invoke.DirectMethodHandle$Holder.newInvokeSpecial(java.lang.Object, int, java.lang.Object)'> (0x000000064a2926f8) 
thrown [s\src\hotspot\share\interpreter\linkResolver.cpp, line 784]
Event: 3.095 Thread 0x0000023e04f8f980 Exception <a 'java/lang/NoSuchMethodError'{0x000000064a2f8528}: 'java.lang.Object java.lang.invoke.DirectMethodHandle$Holder.invokeStatic(java.lang.Object, int, java.lang.Object, java.lang.Object)'> (0x000000064a2f8528) 
thrown [s\src\hotspot\share\interpreter\linkResolver.cpp, line 784]
Event: 3.144 Thread 0x0000023e04f8f980 Exception <a 'java/lang/NoSuchMethodError'{0x0000000649e00128}: 'java.lang.Object java.lang.invoke.DirectMethodHandle$Holder.invokeStatic(java.lang.Object, java.lang.Object, java.lang.Object, int, java.lang.Object, java.lang.Object)'> (0x0000000649e00128) 
thrown [s\src\hotspot\share\interpreter\linkResolver.cpp, line 784]
Event: 3.540 Thread 0x0000023e04f8f980 Exception <a 'java/lang/NoSuchMethodError'{0x000000064ab1ab20}: 'java.lang.Object java.lang.invoke.DirectMethodHandle$Holder.newInvokeSpecial(java.lang.Object, int, java.lang.Object, java.lang.Object, java.lang.Object)'> (0x000000064ab1ab20) 
thrown [s\src\hotspot\share\interpreter\linkResolver.cpp, line 784]
Event: 3.540 Thread 0x0000023e04f8f980 Exception <a 'java/lang/NoSuchMethodError'{0x000000064ab22f40}: 'java.lang.Object java.lang.invoke.Invokers$Holder.linkToTargetMethod(int, java.lang.Object, java.lang.Object, java.lang.Object, java.lang.Object)'> (0x000000064ab22f40) 
thrown [s\src\hotspot\share\interpreter\linkResolver.cpp, line 784]
Event: 3.809 Thread 0x0000023e04f8f980 Exception <a 'java/lang/NoSuchMethodError'{0x0000000649a2db88}: 'java.lang.Object java.lang.invoke.DirectMethodHandle$Holder.newInvokeSpecial(java.lang.Object, java.lang.Object, java.lang.Object, java.lang.Object, java.lang.Object, int)'> (0x0000000649a2db88) 
thrown [s\src\hotspot\share\interpreter\linkResolver.cpp, line 784]
Event: 3.810 Thread 0x0000023e04f8f980 Exception <a 'java/lang/NoSuchMethodError'{0x0000000649a32b10}: 'java.lang.Object java.lang.invoke.DirectMethodHandle$Holder.invokeSpecial(java.lang.Object, java.lang.Object, java.lang.Object, java.lang.Object, java.lang.Object, java.lang.Object, int)'> (0x0000000649a32b10) 
thrown [s\src\hotspot\share\interpreter\linkResolver.cpp, line 784]
Event: 4.148 Thread 0x0000023e04f8f980 Exception <a 'java/lang/NoSuchMethodError'{0x0000000650b0ed48}: 'java.lang.Object java.lang.invoke.DirectMethodHandle$Holder.invokeStatic(java.lang.Object, java.lang.Object, java.lang.Object, int, int, java.lang.Object)'> (0x0000000650b0ed48) 
thrown [s\src\hotspot\share\interpreter\linkResolver.cpp, line 784]
Event: 4.149 Thread 0x0000023e04f8f980 Exception <a 'java/lang/NoSuchMethodError'{0x0000000650b17580}: 'java.lang.Object java.lang.invoke.DirectMethodHandle$Holder.newInvokeSpecial(java.lang.Object, java.lang.Object, java.lang.Object, int, int)'> (0x0000000650b17580) 
thrown [s\src\hotspot\share\interpreter\linkResolver.cpp, line 784]
Event: 4.149 Thread 0x0000023e04f8f980 Exception <a 'java/lang/NoSuchMethodError'{0x0000000650b1b400}: 'java.lang.Object java.lang.invoke.DirectMethodHandle$Holder.invokeSpecial(java.lang.Object, java.lang.Object, java.lang.Object, java.lang.Object, int, int)'> (0x0000000650b1b400) 
thrown [s\src\hotspot\share\interpreter\linkResolver.cpp, line 784]

ZGC Phase Switch (0 events):
No events

VM Operations (20 events):
Event: 4.133 Executing VM operation: HandshakeAllThreads (Deoptimize)
Event: 4.133 Executing VM operation: HandshakeAllThreads (Deoptimize) done
Event: 4.135 Executing VM operation: HandshakeAllThreads (Deoptimize)
Event: 4.135 Executing VM operation: HandshakeAllThreads (Deoptimize) done
Event: 4.137 Executing VM operation: HandshakeAllThreads (Deoptimize)
Event: 4.137 Executing VM operation: HandshakeAllThreads (Deoptimize) done
Event: 4.137 Executing VM operation: HandshakeAllThreads (Deoptimize)
Event: 4.137 Executing VM operation: HandshakeAllThreads (Deoptimize) done
Event: 4.139 Executing VM operation: HandshakeAllThreads (Deoptimize)
Event: 4.139 Executing VM operation: HandshakeAllThreads (Deoptimize) done
Event: 4.217 Executing VM operation: G1CollectForAllocation (G1 Evacuation Pause)
Event: 4.227 Executing VM operation: G1CollectForAllocation (G1 Evacuation Pause) done
Event: 4.265 Executing VM operation: G1PauseRemark
Event: 4.271 Executing VM operation: G1PauseRemark done
Event: 4.281 Executing VM operation: G1PauseCleanup
Event: 4.281 Executing VM operation: G1PauseCleanup done
Event: 4.282 Executing VM operation: G1CollectForAllocation (G1 Evacuation Pause)
Event: 4.287 Executing VM operation: G1CollectForAllocation (G1 Evacuation Pause) done
Event: 4.326 Executing VM operation: G1CollectForAllocation (G1 Evacuation Pause)
Event: 4.332 Executing VM operation: G1CollectForAllocation (G1 Evacuation Pause) done

Memory protections (0 events):
No events

Nmethod flushes (20 events):
Event: 4.270 Thread 0x0000023e250d3bf0 flushing  nmethod 0x0000023e09c40d90
Event: 4.270 Thread 0x0000023e250d3bf0 flushing  nmethod 0x0000023e09c42010
Event: 4.270 Thread 0x0000023e250d3bf0 flushing  nmethod 0x0000023e09c43a10
Event: 4.270 Thread 0x0000023e250d3bf0 flushing osr nmethod 0x0000023e09c44610
Event: 4.270 Thread 0x0000023e250d3bf0 flushing  nmethod 0x0000023e09c4b090
Event: 4.270 Thread 0x0000023e250d3bf0 flushing  nmethod 0x0000023e09c51590
Event: 4.270 Thread 0x0000023e250d3bf0 flushing  nmethod 0x0000023e09c85190
Event: 4.270 Thread 0x0000023e250d3bf0 flushing  nmethod 0x0000023e09cbd690
Event: 4.270 Thread 0x0000023e250d3bf0 flushing  nmethod 0x0000023e09cbda10
Event: 4.270 Thread 0x0000023e250d3bf0 flushing  nmethod 0x0000023e09cbe790
Event: 4.270 Thread 0x0000023e250d3bf0 flushing  nmethod 0x0000023e09cbf510
Event: 4.270 Thread 0x0000023e250d3bf0 flushing  nmethod 0x0000023e09cc0090
Event: 4.270 Thread 0x0000023e250d3bf0 flushing  nmethod 0x0000023e09cc1090
Event: 4.270 Thread 0x0000023e250d3bf0 flushing  nmethod 0x0000023e09cc1c10
Event: 4.270 Thread 0x0000023e250d3bf0 flushing  nmethod 0x0000023e09cc2a90
Event: 4.270 Thread 0x0000023e250d3bf0 flushing  nmethod 0x0000023e09ce2a10
Event: 4.270 Thread 0x0000023e250d3bf0 flushing  nmethod 0x0000023e09cebf90
Event: 4.270 Thread 0x0000023e250d3bf0 flushing  nmethod 0x0000023e09d58710
Event: 4.270 Thread 0x0000023e250d3bf0 flushing  nmethod 0x0000023e09d59090
Event: 4.270 Thread 0x0000023e250d3bf0 flushing  nmethod 0x0000023e09d59390

Events (17 events):
Event: 0.010 Thread 0x0000023e04f8f980 Thread added: 0x0000023e04f8f980
Event: 0.045 Thread 0x0000023e04f8f980 Thread added: 0x0000023e2512bb00
Event: 0.045 Thread 0x0000023e04f8f980 Thread added: 0x0000023e2512c910
Event: 0.046 Thread 0x0000023e04f8f980 Thread added: 0x0000023e25131fc0
Event: 0.046 Thread 0x0000023e04f8f980 Thread added: 0x0000023e2512fb60
Event: 0.046 Thread 0x0000023e04f8f980 Thread added: 0x0000023e251305b0
Event: 0.046 Thread 0x0000023e04f8f980 Thread added: 0x0000023e2514aa90
Event: 0.046 Thread 0x0000023e04f8f980 Thread added: 0x0000023e2514b420
Event: 0.046 Thread 0x0000023e04f8f980 Thread added: 0x0000023e2514beb0
Event: 0.074 Thread 0x0000023e04f8f980 Thread added: 0x0000023e253018a0
Event: 0.078 Thread 0x0000023e04f8f980 Thread added: 0x0000023e25314d50
Event: 0.083 Loaded shared library C:\Program Files\Android\Android Studio1\jbr\bin\net.dll
Event: 0.084 Loaded shared library C:\Program Files\Android\Android Studio1\jbr\bin\nio.dll
Event: 0.094 Thread 0x0000023e2514b420 Thread added: 0x0000023e253760e0
Event: 0.094 Thread 0x0000023e2514b420 Thread added: 0x0000023e25376780
Event: 0.100 Loaded shared library C:\Program Files\Android\Android Studio1\jbr\bin\zip.dll
Event: 0.119 Loaded shared library C:\Program Files\Android\Android Studio1\jbr\bin\jimage.dll


Dynamic libraries:
0x00007ff6ba7d0000 - 0x00007ff6ba7da000 	C:\Program Files\Android\Android Studio1\jbr\bin\java.exe
0x00007fff8f350000 - 0x00007fff8f567000 	C:\WINDOWS\SYSTEM32\ntdll.dll
0x00007fff8e7d0000 - 0x00007fff8e894000 	C:\WINDOWS\System32\KERNEL32.DLL
0x00007fff8c7b0000 - 0x00007fff8cb83000 	C:\WINDOWS\System32\KERNELBASE.dll
0x00007fff8c460000 - 0x00007fff8c571000 	C:\WINDOWS\System32\ucrtbase.dll
0x00007fff7c700000 - 0x00007fff7c718000 	C:\Program Files\Android\Android Studio1\jbr\bin\jli.dll
0x00007fff5c7c0000 - 0x00007fff5c7db000 	C:\Program Files\Android\Android Studio1\jbr\bin\VCRUNTIME140.dll
0x00007fff8e610000 - 0x00007fff8e7c1000 	C:\WINDOWS\System32\USER32.dll
0x00007fff8c780000 - 0x00007fff8c7a6000 	C:\WINDOWS\System32\win32u.dll
0x00007fff8d630000 - 0x00007fff8d659000 	C:\WINDOWS\System32\GDI32.dll
0x00007fff8ce50000 - 0x00007fff8cf6b000 	C:\WINDOWS\System32\gdi32full.dll
0x00007fff8cc40000 - 0x00007fff8ccda000 	C:\WINDOWS\System32\msvcp_win.dll
0x00007fff75db0000 - 0x00007fff76048000 	C:\WINDOWS\WinSxS\amd64_microsoft.windows.common-controls_6595b64144ccf1df_6.0.22621.5124_none_270e8f4f7386d69d\COMCTL32.dll
0x00007fff8d660000 - 0x00007fff8d707000 	C:\WINDOWS\System32\msvcrt.dll
0x00007fff8d420000 - 0x00007fff8d451000 	C:\WINDOWS\System32\IMM32.DLL
0x00007fff7cb80000 - 0x00007fff7cb8c000 	C:\Program Files\Android\Android Studio1\jbr\bin\vcruntime140_1.dll
0x00007fff6d510000 - 0x00007fff6d59d000 	C:\Program Files\Android\Android Studio1\jbr\bin\msvcp140.dll
0x00007ffeaf850000 - 0x00007ffeb04da000 	C:\Program Files\Android\Android Studio1\jbr\bin\server\jvm.dll
0x00007fff8d570000 - 0x00007fff8d621000 	C:\WINDOWS\System32\ADVAPI32.dll
0x00007fff8e4e0000 - 0x00007fff8e588000 	C:\WINDOWS\System32\sechost.dll
0x00007fff8cb90000 - 0x00007fff8cbb8000 	C:\WINDOWS\System32\bcrypt.dll
0x00007fff8f1d0000 - 0x00007fff8f2e4000 	C:\WINDOWS\System32\RPCRT4.dll
0x00007fff8d1c0000 - 0x00007fff8d231000 	C:\WINDOWS\System32\WS2_32.dll
0x00007fff8c330000 - 0x00007fff8c37d000 	C:\WINDOWS\SYSTEM32\POWRPROF.dll
0x00007fff84420000 - 0x00007fff84454000 	C:\WINDOWS\SYSTEM32\WINMM.dll
0x00007fff84460000 - 0x00007fff8446a000 	C:\WINDOWS\SYSTEM32\VERSION.dll
0x00007fff8c310000 - 0x00007fff8c323000 	C:\WINDOWS\SYSTEM32\UMPDC.dll
0x00007fff8b3b0000 - 0x00007fff8b3c8000 	C:\WINDOWS\SYSTEM32\kernel.appcore.dll
0x00007fff696d0000 - 0x00007fff696da000 	C:\Program Files\Android\Android Studio1\jbr\bin\jimage.dll
0x00007fff89f10000 - 0x00007fff8a142000 	C:\WINDOWS\SYSTEM32\DBGHELP.DLL
0x00007fff8edc0000 - 0x00007fff8f152000 	C:\WINDOWS\System32\combase.dll
0x00007fff8ec80000 - 0x00007fff8ed57000 	C:\WINDOWS\System32\OLEAUT32.dll
0x00007fff7d1a0000 - 0x00007fff7d1d2000 	C:\WINDOWS\SYSTEM32\dbgcore.DLL
0x00007fff8cbc0000 - 0x00007fff8cc3b000 	C:\WINDOWS\System32\bcryptPrimitives.dll
0x00007fff55980000 - 0x00007fff559a0000 	C:\Program Files\Android\Android Studio1\jbr\bin\java.dll
0x00007fff55960000 - 0x00007fff55978000 	C:\Program Files\Android\Android Studio1\jbr\bin\zip.dll
0x00007fff8d710000 - 0x00007fff8dfa6000 	C:\WINDOWS\System32\SHELL32.dll
0x00007fff8c580000 - 0x00007fff8c6bf000 	C:\WINDOWS\System32\wintypes.dll
0x00007fff8a330000 - 0x00007fff8ac4a000 	C:\WINDOWS\SYSTEM32\windows.storage.dll
0x00007fff8d460000 - 0x00007fff8d56a000 	C:\WINDOWS\System32\SHCORE.dll
0x00007fff8d3a0000 - 0x00007fff8d403000 	C:\WINDOWS\System32\shlwapi.dll
0x00007fff8c390000 - 0x00007fff8c3bb000 	C:\WINDOWS\SYSTEM32\profapi.dll
0x00007fff64900000 - 0x00007fff64910000 	C:\Program Files\Android\Android Studio1\jbr\bin\net.dll
0x00007fff84fc0000 - 0x00007fff850ec000 	C:\WINDOWS\SYSTEM32\WINHTTP.dll
0x00007fff8b8d0000 - 0x00007fff8b93a000 	C:\WINDOWS\system32\mswsock.dll
0x00007fff4e820000 - 0x00007fff4e836000 	C:\Program Files\Android\Android Studio1\jbr\bin\nio.dll
0x00007fff7d360000 - 0x00007fff7d370000 	C:\Program Files\Android\Android Studio1\jbr\bin\verify.dll

dbghelp: loaded successfully - version: 4.0.5 - missing functions: none
symbol engine: initialized successfully - sym options: 0x614 - pdb path: .;C:\Program Files\Android\Android Studio1\jbr\bin;C:\WINDOWS\SYSTEM32;C:\WINDOWS\WinSxS\amd64_microsoft.windows.common-controls_6595b64144ccf1df_6.0.22621.5124_none_270e8f4f7386d69d;C:\Program Files\Android\Android Studio1\jbr\bin\server

VM Arguments:
java_command: org.jetbrains.kotlin.cli.jvm.K2JVMCompiler @C:\Users\Soumya\AndroidStudioProjects\ECommerceApp\app\build\20250425_12205370743182573672.compiler.options
java_class_path (initial): C:\Users\Soumya\.gradle\caches\modules-2\files-2.1\org.jetbrains.kotlin\kotlin-compiler-embeddable\2.0.0\1de310de3446414381282ffc46c3ed3919a4d1da\kotlin-compiler-embeddable-2.0.0.jar;C:\Users\Soumya\.gradle\caches\modules-2\files-2.1\org.jetbrains.kotlin\kotlin-stdlib\2.0.0\b48df2c4aede9586cc931ead433bc02d6fd7879e\kotlin-stdlib-2.0.0.jar;C:\Users\Soumya\.gradle\caches\modules-2\files-2.1\org.jetbrains.kotlin\kotlin-script-runtime\2.0.0\fdc27dd047d592fa41d2dfa21e7621287a361612\kotlin-script-runtime-2.0.0.jar;C:\Users\Soumya\.gradle\caches\modules-2\files-2.1\org.jetbrains.kotlin\kotlin-reflect\1.6.10\1cbe9c92c12a94eea200d23c2bbaedaf3daf5132\kotlin-reflect-1.6.10.jar;C:\Users\Soumya\.gradle\caches\modules-2\files-2.1\org.jetbrains.kotlin\kotlin-daemon-embeddable\2.0.0\b39c612768614c4428c96ee9c65477181fffe9d\kotlin-daemon-embeddable-2.0.0.jar;C:\Users\Soumya\.gradle\caches\modules-2\files-2.1\org.jetbrains.intellij.deps\trove4j\1.0.20200330\3afb14d5f9ceb459d724e907a21145e8ff394f02\trove4j-1.0.20200330.jar;C:\Users\Soumya\.gradle\caches\modules-2\files-2.1\org.jetbrains\annotations\13.0\919f0dfe192fb4e063e7dacadee7f8bb9a2672a9\annotations-13.0.jar
Launcher Type: SUN_STANDARD

[Global flags]
     intx CICompilerCount                          = 4                                         {product} {ergonomic}
     uint ConcGCThreads                            = 3                                         {product} {ergonomic}
     uint G1ConcRefinementThreads                  = 10                                        {product} {ergonomic}
   size_t G1HeapRegionSize                         = 4194304                                   {product} {ergonomic}
    uintx GCDrainStackTargetSize                   = 64                                        {product} {ergonomic}
   size_t InitialHeapSize                          = 469762048                                 {product} {ergonomic}
   size_t MarkStackSize                            = 4194304                                   {product} {ergonomic}
   size_t MaxHeapSize                              = 7478444032                                {product} {ergonomic}
   size_t MaxNewSize                               = 4483710976                                {product} {ergonomic}
   size_t MinHeapDeltaBytes                        = 4194304                                   {product} {ergonomic}
   size_t MinHeapSize                              = 8388608                                   {product} {ergonomic}
    uintx NonNMethodCodeHeapSize                   = 5839372                                {pd product} {ergonomic}
    uintx NonProfiledCodeHeapSize                  = 122909434                              {pd product} {ergonomic}
    uintx ProfiledCodeHeapSize                     = 122909434                              {pd product} {ergonomic}
    uintx ReservedCodeCacheSize                    = 251658240                              {pd product} {ergonomic}
     bool SegmentedCodeCache                       = true                                      {product} {ergonomic}
   size_t SoftMaxHeapSize                          = 7478444032                             {manageable} {ergonomic}
     bool UseCompressedOops                        = true                           {product lp64_product} {ergonomic}
     bool UseG1GC                                  = true                                      {product} {ergonomic}
     bool UseLargePagesIndividualAllocation        = false                                  {pd product} {ergonomic}

Logging:
Log output configuration:
 #0: stdout all=warning uptime,level,tags foldmultilines=false
 #1: stderr all=off uptime,level,tags foldmultilines=false

Environment Variables:
JAVA_HOME=C:\Program Files\Java\jdk-23
CLASSPATH=C:\Users\Soumya\Downloads\ojdbc8\ojdbc8.jar
PATH=C:\oraclexe\app\oracle\product\10.2.0\server\bin;C:\app\Soumya\product\21c\dbhomeXE\bin;C:\Program Files\Common Files\Oracle\Java\javapath;C:\Windows\system32;C:\Windows;C:\Windows\System32\Wbem;C:\Windows\System32\WindowsPowerShell\v1.0\;C:\Windows\System32\OpenSSH\;C:\Program Files (x86)\NVIDIA Corporation\PhysX\Common;C:\WINDOWS\system32;C:\WINDOWS;C:\WINDOWS\System32\Wbem;C:\WINDOWS\System32\WindowsPowerShell\v1.0\;C:\WINDOWS\System32\OpenSSH\;C:\Program Files\dotnet\;C:\MinGW\bin;C:\Program Files\Java\jdk-21\bin;C:\Program Files\Git\cmd;C:\Program Files\Microsoft VS Code\bin;C:\Program Files\NVIDIA Corporation\NVIDIA app\NvDLISR;C:\sqlite;C:\Program Files\MySQL\MySQL Shell 8.0\bin\;C:\Users\Soumya\AppData\Local\Programs\Python\Python312\Scripts\;C:\Users\Soumya\AppData\Local\Programs\Python\Python312\;C:\Users\Soumya\AppData\Local\Programs\Python\Python311\Scripts\;C:\Users\Soumya\AppData\Local\Programs\Python\Python311\;C:\Users\Soumya\AppData\Local\Microsoft\WindowsApps;C:\Program Files\JetBrains\IntelliJ IDEA Community Edition 2023.3.4\bin;;C:\Program Files\Java\jdk-23\bin;C:\apache-tomcat-10.1.33\apache-tomcat-10.1.33\bin;C:\Users\Soumya\AppData\Roaming\Python\Python311\Scripts;C:\Users\Soumya\AppData\Local\GitHubDesktop\bin
USERNAME=Soumya
OS=Windows_NT
PROCESSOR_IDENTIFIER=AMD64 Family 25 Model 80 Stepping 0, AuthenticAMD
TMP=C:\Users\Soumya\AppData\Local\Temp
TEMP=C:\Users\Soumya\AppData\Local\Temp




Periodic native trim disabled

JNI global refs:
JNI global refs: 13, weak refs: 3

JNI global refs memory usage: 835, weak refs: 833

Process memory usage:
Resident Set Size: 422672K (1% of 29208636K total physical memory with 5000508K free physical memory)

OOME stack traces (most recent first):
Classloader memory used:
Loader jdk.internal.loader.ClassLoaders$AppClassLoader                                 : 47542K
Loader bootstrap                                                                       : 11004K
Loader java.net.URLClassLoader                                                         : 570K

---------------  S Y S T E M  ---------------

OS:
 Windows 11 , 64 bit Build 22621 (10.0.22621.5124)
OS uptime: 15 days 22:22 hours
Hyper-V role detected

CPU: total 12 (initial active 12) (12 cores per cpu, 2 threads per core) family 25 model 80 stepping 0 microcode 0x0, cx8, cmov, fxsr, ht, mmx, 3dnowpref, sse, sse2, sse3, ssse3, sse4a, sse4.1, sse4.2, popcnt, lzcnt, tsc, tscinvbit, avx, avx2, aes, erms, clmul, bmi1, bmi2, adx, sha, fma, vzeroupper, clflush, clflushopt, hv, rdtscp, rdpid, fsrm, f16c, cet_ss
Processor Information for processor 0
  Max Mhz: 3301, Current Mhz: 3301, Mhz Limit: 3301
Processor Information for processor 1
  Max Mhz: 3301, Current Mhz: 2630, Mhz Limit: 3301
Processor Information for processor 2
  Max Mhz: 3301, Current Mhz: 2630, Mhz Limit: 3301
Processor Information for processor 3
  Max Mhz: 3301, Current Mhz: 3301, Mhz Limit: 3301
Processor Information for processor 4
  Max Mhz: 3301, Current Mhz: 3301, Mhz Limit: 3301
Processor Information for processor 5
  Max Mhz: 3301, Current Mhz: 2630, Mhz Limit: 3301
Processor Information for processor 6
  Max Mhz: 3301, Current Mhz: 2630, Mhz Limit: 3301
Processor Information for processor 7
  Max Mhz: 3301, Current Mhz: 2630, Mhz Limit: 3301
Processor Information for processor 8
  Max Mhz: 3301, Current Mhz: 3301, Mhz Limit: 3301
Processor Information for processor 9
  Max Mhz: 3301, Current Mhz: 2630, Mhz Limit: 3301
Processor Information for processor 10
  Max Mhz: 3301, Current Mhz: 3301, Mhz Limit: 3301
Processor Information for processor 11
  Max Mhz: 3301, Current Mhz: 3301, Mhz Limit: 3301

Memory: 4k page, system-wide physical 28524M (4875M free)
TotalPageFile size 31524M (AvailPageFile size 7M)
current process WorkingSet (physical memory assigned to process): 421M, peak: 421M
current process commit charge ("private bytes"): 723M, peak: 726M

vm_info: OpenJDK 64-Bit Server VM (21.0.5+-13047016-b750.29) for windows-amd64 JRE (21.0.5+-13047016-b750.29), built on 2025-02-11T21:12:39Z by "builder" with MS VC++ 16.10 / 16.11 (VS2019)

END.
